<?xml version="1.0" encoding="UTF-8"?>
<testsuite xmlns:xsi="http://www.w3.org/2001/XMLSchema-instance" xsi:noNamespaceSchemaLocation="https://maven.apache.org/surefire/maven-surefire-plugin/xsd/surefire-test-report.xsd" name="TestSuite" time="6.312" tests="7" errors="0" skipped="0" failures="0">
  <properties>
    <property name="java.specification.version" value="16"/>
    <property name="sun.cpu.isalist" value="amd64"/>
    <property name="sun.jnu.encoding" value="Cp1252"/>
    <property name="java.class.path" value="C:\Users\Neelkant Yadav\eclipse-workspace\MavenJavaFirstProgram\target\test-classes;C:\Users\Neelkant Yadav\eclipse-workspace\MavenJavaFirstProgram\target\classes;C:\Users\Neelkant Yadav\.m2\repository\org\testng\testng\7.4.0\testng-7.4.0.jar;C:\Users\Neelkant Yadav\.m2\repository\com\beust\jcommander\1.78\jcommander-1.78.jar;C:\Users\Neelkant Yadav\.m2\repository\org\webjars\jquery\3.5.1\jquery-3.5.1.jar;C:\Users\Neelkant Yadav\.m2\repository\junit\junit\4.11\junit-4.11.jar;C:\Users\Neelkant Yadav\.m2\repository\org\hamcrest\hamcrest-core\1.3\hamcrest-core-1.3.jar;"/>
    <property name="java.vm.vendor" value="Oracle Corporation"/>
    <property name="sun.arch.data.model" value="64"/>
    <property name="user.variant" value=""/>
    <property name="java.vendor.url" value="https://java.oracle.com/"/>
    <property name="user.timezone" value="Asia/Calcutta"/>
    <property name="os.name" value="Windows 10"/>
    <property name="java.vm.specification.version" value="16"/>
    <property name="sun.java.launcher" value="SUN_STANDARD"/>
    <property name="user.country" value="IN"/>
    <property name="sun.boot.library.path" value="C:\Users\Neelkant Yadav\Downloads\eclipse-java-2021-09-R-win32-x86_64\eclipse\plugins\org.eclipse.justj.openjdk.hotspot.jre.full.win32.x86_64_16.0.2.v20210721-1149\jre\bin"/>
    <property name="sun.java.command" value="C:\Users\NEELKA~1\AppData\Local\Temp\surefire15921023433606939534\surefirebooter13398067144415584746.jar C:\Users\Neelkant Yadav\AppData\Local\Temp\surefire15921023433606939534 2021-12-06T09-52-55_205-jvmRun1 surefire10935252193559238741tmp surefire_017242285177917654983tmp"/>
    <property name="jdk.debug" value="release"/>
    <property name="surefire.test.class.path" value="C:\Users\Neelkant Yadav\eclipse-workspace\MavenJavaFirstProgram\target\test-classes;C:\Users\Neelkant Yadav\eclipse-workspace\MavenJavaFirstProgram\target\classes;C:\Users\Neelkant Yadav\.m2\repository\org\testng\testng\7.4.0\testng-7.4.0.jar;C:\Users\Neelkant Yadav\.m2\repository\com\beust\jcommander\1.78\jcommander-1.78.jar;C:\Users\Neelkant Yadav\.m2\repository\org\webjars\jquery\3.5.1\jquery-3.5.1.jar;C:\Users\Neelkant Yadav\.m2\repository\junit\junit\4.11\junit-4.11.jar;C:\Users\Neelkant Yadav\.m2\repository\org\hamcrest\hamcrest-core\1.3\hamcrest-core-1.3.jar;"/>
    <property name="sun.cpu.endian" value="little"/>
    <property name="user.home" value="C:\Users\Neelkant Yadav"/>
    <property name="user.language" value="en"/>
    <property name="java.specification.vendor" value="Oracle Corporation"/>
    <property name="java.version.date" value="2021-07-20"/>
    <property name="java.home" value="C:\Users\Neelkant Yadav\Downloads\eclipse-java-2021-09-R-win32-x86_64\eclipse\plugins\org.eclipse.justj.openjdk.hotspot.jre.full.win32.x86_64_16.0.2.v20210721-1149\jre"/>
    <property name="file.separator" value="\"/>
    <property name="basedir" value="C:\Users\Neelkant Yadav\eclipse-workspace\MavenJavaFirstProgram"/>
    <property name="java.vm.compressedOopsMode" value="32-bit"/>
    <property name="line.separator" value="&#10;"/>
    <property name="java.vm.specification.vendor" value="Oracle Corporation"/>
    <property name="java.specification.name" value="Java Platform API Specification"/>
    <property name="surefire.real.class.path" value="C:\Users\NEELKA~1\AppData\Local\Temp\surefire15921023433606939534\surefirebooter13398067144415584746.jar"/>
    <property name="user.script" value=""/>
    <property name="sun.management.compiler" value="HotSpot 64-Bit Tiered Compilers"/>
    <property name="java.runtime.version" value="16.0.2+7-67"/>
    <property name="user.name" value="Neelkant Yadav"/>
    <property name="path.separator" value=";"/>
    <property name="os.version" value="10.0"/>
    <property name="java.runtime.name" value="OpenJDK Runtime Environment"/>
    <property name="file.encoding" value="Cp1252"/>
    <property name="java.vm.name" value="OpenJDK 64-Bit Server VM"/>
    <property name="localRepository" value="C:\Users\Neelkant Yadav\.m2\repository"/>
    <property name="java.vendor.url.bug" value="https://bugreport.java.com/bugreport/"/>
    <property name="java.io.tmpdir" value="C:\Users\NEELKA~1\AppData\Local\Temp\"/>
    <property name="java.version" value="16.0.2"/>
    <property name="user.dir" value="C:\Users\Neelkant Yadav\eclipse-workspace\MavenJavaFirstProgram"/>
    <property name="os.arch" value="amd64"/>
    <property name="java.vm.specification.name" value="Java Virtual Machine Specification"/>
    <property name="sun.os.patch.level" value=""/>
    <property name="java.library.path" value="C:\Users\Neelkant Yadav\Downloads\eclipse-java-2021-09-R-win32-x86_64\eclipse\plugins\org.eclipse.justj.openjdk.hotspot.jre.full.win32.x86_64_16.0.2.v20210721-1149\jre\bin;C:\WINDOWS\Sun\Java\bin;C:\WINDOWS\system32;C:\WINDOWS;C:/Users/Neelkant Yadav/Downloads/eclipse-java-2021-09-R-win32-x86_64/eclipse//plugins/org.eclipse.justj.openjdk.hotspot.jre.full.win32.x86_64_16.0.2.v20210721-1149/jre/bin/server;C:/Users/Neelkant Yadav/Downloads/eclipse-java-2021-09-R-win32-x86_64/eclipse//plugins/org.eclipse.justj.openjdk.hotspot.jre.full.win32.x86_64_16.0.2.v20210721-1149/jre/bin;C:\WINDOWS\system32;C:\WINDOWS;C:\WINDOWS\System32\Wbem;C:\WINDOWS\System32\WindowsPowerShell\v1.0\;C:\WINDOWS\System32\OpenSSH\;C:\Users\Neelkant Yadav\Maven\apache-maven-3.8.3-bin\apache-maven-3.8.3\bin;C:\Program Files\Java\jdk-11\bin;C:\Program Files\Git\cmd;C:\Program Files\MySQL\MySQL Shell 8.0\bin\;C:\Users\Neelkant Yadav\AppData\Local\Microsoft\WindowsApps;;C:\Users\Neelkant Yadav\Downloads\eclipse-java-2021-09-R-win32-x86_64\eclipse;;."/>
    <property name="java.vm.info" value="mixed mode"/>
    <property name="java.vendor" value="Oracle Corporation"/>
    <property name="java.vm.version" value="16.0.2+7-67"/>
    <property name="sun.io.unicode.encoding" value="UnicodeLittle"/>
    <property name="java.class.version" value="60.0"/>
  </properties>
  <testcase name="MobileLogin6" classname="Shahabuddinpur.MavenJavaFirstProgram.appiumTest" time="0.007"/>
  <testcase name="MobileLogin7" classname="Shahabuddinpur.MavenJavaFirstProgram.appiumTest" time="0.001"/>
  <testcase name="MobileLogin3" classname="Shahabuddinpur.MavenJavaFirstProgram.seleniumTest" time="0.001"/>
  <testcase name="MobileLogin4" classname="Shahabuddinpur.MavenJavaFirstProgram.seleniumTest" time="0.001"/>
  <testcase name="MobileLogin5" classname="Shahabuddinpur.MavenJavaFirstProgram.seleniumTest" time="0.001"/>
  <testcase name="MobileLogin" classname="Shahabuddinpur.MavenJavaFirstProgram.uiTest" time="0"/>
  <testcase name="MobileLogin2" classname="Shahabuddinpur.MavenJavaFirstProgram.uiTest" time="0.001"/>
</testsuite>