<?xml version="1.0" encoding="UTF-8"?>
<!-- Generated by org.testng.reporters.JUnitReportReporter -->
<testsuite hostname="Neelkant" failures="0" tests="3" name="Shahabuddinpur.MavenJavaFirstProgram.seleniumTest" time="0.000" errors="0" timestamp="2021-12-06T09:53:26 IST" skipped="0">
  <testcase classname="Shahabuddinpur.MavenJavaFirstProgram.seleniumTest" name="MobileLogin4" time="0.000"/>
  <system-out/>
  <testcase classname="Shahabuddinpur.MavenJavaFirstProgram.seleniumTest" name="MobileLogin5" time="0.000"/>
  <system-out/>
  <testcase classname="Shahabuddinpur.MavenJavaFirstProgram.seleniumTest" name="MobileLogin3" time="0.000"/>
  <system-out/>
</testsuite> <!-- Shahabuddinpur.MavenJavaFirstProgram.seleniumTest -->
