<?xml version="1.0" encoding="UTF-8"?>
<!-- Generated by org.testng.reporters.JUnitReportReporter -->
<testsuite hostname="Neelkant" failures="0" tests="2" name="Shahabuddinpur.MavenJavaFirstProgram.uiTest" time="0.000" errors="0" timestamp="2021-12-06T09:53:26 IST" skipped="0">
  <testcase classname="Shahabuddinpur.MavenJavaFirstProgram.uiTest" name="MobileLogin" time="0.000"/>
  <system-out/>
  <testcase classname="Shahabuddinpur.MavenJavaFirstProgram.uiTest" name="MobileLogin2" time="0.000"/>
  <system-out/>
</testsuite> <!-- Shahabuddinpur.MavenJavaFirstProgram.uiTest -->
