<?xml version="1.0" encoding="UTF-8"?>
<!-- Generated by org.testng.reporters.JUnitReportReporter -->
<testsuite hostname="Neelkant" failures="0" tests="2" name="Shahabuddinpur.MavenJavaFirstProgram.appiumTest" time="0.006" errors="0" timestamp="2021-12-06T09:53:26 IST" skipped="0">
  <testcase classname="Shahabuddinpur.MavenJavaFirstProgram.appiumTest" name="MobileLogin6" time="0.006"/>
  <system-out/>
  <testcase classname="Shahabuddinpur.MavenJavaFirstProgram.appiumTest" name="MobileLogin7" time="0.000"/>
  <system-out/>
</testsuite> <!-- Shahabuddinpur.MavenJavaFirstProgram.appiumTest -->
